[debug] [2022-12-23T06:24:53.337Z] ----------------------------------------------------------------------
[debug] [2022-12-23T06:24:53.338Z] Command:       C:\Program Files\nodejs\node.exe C:\Users\rseid\AppData\Roaming\npm\node_modules\firebase-tools\lib\bin\firebase.js emulators:start
[debug] [2022-12-23T06:24:53.338Z] CLI Version:   11.19.0
[debug] [2022-12-23T06:24:53.338Z] Platform:      win32
[debug] [2022-12-23T06:24:53.339Z] Node Version:  v18.12.0
[debug] [2022-12-23T06:24:53.339Z] Time:          Thu Dec 22 2022 22:24:53 GMT-0800 (Pacific Standard Time)
[debug] [2022-12-23T06:24:53.340Z] ----------------------------------------------------------------------
[debug] 
[debug] [2022-12-23T06:24:53.431Z] > command requires scopes: ["email","openid","https://www.googleapis.com/auth/cloudplatformprojects.readonly","https://www.googleapis.com/auth/firebase","https://www.googleapis.com/auth/cloud-platform"]
[debug] [2022-12-23T06:24:53.431Z] > authorizing via signed-in user (rseid888@gmail.com)
[info] i  emulators: Starting emulators: functions, hosting {"metadata":{"emulator":{"name":"hub"},"message":"Starting emulators: functions, hosting"}}
[debug] [2022-12-23T06:24:53.448Z] [logging] Logging Emulator only supports listening on one address (127.0.0.1). Not listening on ::1
[debug] [2022-12-23T06:24:53.449Z] [hosting] Hosting Emulator only supports listening on one address (127.0.0.1). Not listening on ::1
[debug] [2022-12-23T06:24:53.449Z] assigned listening specs for emulators {"user":{"hub":[{"address":"127.0.0.1","family":"IPv4","port":4400},{"address":"::1","family":"IPv6","port":4400}],"ui":[{"address":"127.0.0.1","family":"IPv4","port":4000},{"address":"::1","family":"IPv6","port":4000}],"logging":[{"address":"127.0.0.1","family":"IPv4","port":4500}],"hosting":[{"address":"127.0.0.1","family":"IPv4","port":5000}]},"metadata":{"message":"assigned listening specs for emulators"}}
[debug] [2022-12-23T06:24:53.459Z] [hub] writing locator at C:\Users\rseid\AppData\Local\Temp\hub-clone-ee72d.json
[debug] [2022-12-23T06:24:53.481Z] [functions] Functions Emulator only supports listening on one address (127.0.0.1). Not listening on ::1
[debug] [2022-12-23T06:24:53.482Z] [eventarc] Eventarc Emulator only supports listening on one address (127.0.0.1). Not listening on ::1
[debug] [2022-12-23T06:24:53.482Z] late-assigned ports for functions and eventarc emulators {"user":{"hub":[{"address":"127.0.0.1","family":"IPv4","port":4400},{"address":"::1","family":"IPv6","port":4400}],"ui":[{"address":"127.0.0.1","family":"IPv4","port":4000},{"address":"::1","family":"IPv6","port":4000}],"logging":[{"address":"127.0.0.1","family":"IPv4","port":4500}],"hosting":[{"address":"127.0.0.1","family":"IPv4","port":5000}],"functions":[{"address":"127.0.0.1","family":"IPv4","port":5001}],"eventarc":[{"address":"127.0.0.1","family":"IPv4","port":9299}]},"metadata":{"message":"late-assigned ports for functions and eventarc emulators"}}
[warn] !  functions: The following emulators are not running, calls to these services from the Functions emulator will affect production: auth, firestore, database, pubsub, storage {"metadata":{"emulator":{"name":"functions"},"message":"The following emulators are not running, calls to these services from the Functions emulator will affect production: \u001b[1mauth, firestore, database, pubsub, storage\u001b[22m"}}
[warn] !  Your requested "node" version "16" doesn't match your global version "18". Using node@18 from host. {"metadata":{"emulator":{"name":"functions"},"message":"Your requested \"node\" version \"16\" doesn't match your global version \"18\". Using node@18 from host."}}
[debug] [2022-12-23T06:24:53.509Z] defaultcredentials: writing to file C:\Users\rseid\AppData\Roaming\firebase\rseid888_gmail_com_application_default_credentials.json
[debug] [2022-12-23T06:24:53.515Z] Setting GAC to C:\Users\rseid\AppData\Roaming\firebase\rseid888_gmail_com_application_default_credentials.json {"metadata":{"emulator":{"name":"functions"},"message":"Setting GAC to C:\\Users\\rseid\\AppData\\Roaming\\firebase\\rseid888_gmail_com_application_default_credentials.json"}}
[debug] [2022-12-23T06:24:53.516Z] > refreshing access token with scopes: []
[debug] [2022-12-23T06:24:53.518Z] >>> [apiv2][query] POST https://www.googleapis.com/oauth2/v3/token [none]
[debug] [2022-12-23T06:24:53.518Z] >>> [apiv2][body] POST https://www.googleapis.com/oauth2/v3/token [omitted]
[debug] [2022-12-23T06:24:53.713Z] <<< [apiv2][status] POST https://www.googleapis.com/oauth2/v3/token 200
[debug] [2022-12-23T06:24:53.714Z] <<< [apiv2][body] POST https://www.googleapis.com/oauth2/v3/token [omitted]
[debug] [2022-12-23T06:24:53.723Z] >>> [apiv2][query] GET https://firebase.googleapis.com/v1beta1/projects/clone-ee72d/adminSdkConfig [none]
[debug] [2022-12-23T06:24:53.966Z] <<< [apiv2][status] GET https://firebase.googleapis.com/v1beta1/projects/clone-ee72d/adminSdkConfig 200
[debug] [2022-12-23T06:24:53.966Z] <<< [apiv2][body] GET https://firebase.googleapis.com/v1beta1/projects/clone-ee72d/adminSdkConfig {"projectId":"clone-ee72d","storageBucket":"clone-ee72d.appspot.com"}
[debug] [2022-12-23T06:24:53.988Z] >>> [apiv2][query] GET https://firebasehosting.googleapis.com/v1beta1/projects/clone-ee72d/sites 
[debug] [2022-12-23T06:24:54.616Z] <<< [apiv2][status] GET https://firebasehosting.googleapis.com/v1beta1/projects/clone-ee72d/sites 200
[debug] [2022-12-23T06:24:54.617Z] <<< [apiv2][body] GET https://firebasehosting.googleapis.com/v1beta1/projects/clone-ee72d/sites {"sites":[{"name":"projects/clone-ee72d/sites/clone-ee72d","defaultUrl":"https://clone-ee72d.web.app","appId":"1:771518768831:web:297307861816b9e550080a","type":"DEFAULT_SITE"}]}
[debug] [2022-12-23T06:24:54.617Z] >>> [apiv2][query] GET https://firebase.googleapis.com/v1beta1/projects/clone-ee72d/webApps/1:771518768831:web:297307861816b9e550080a/config [none]
[debug] [2022-12-23T06:24:55.087Z] <<< [apiv2][status] GET https://firebase.googleapis.com/v1beta1/projects/clone-ee72d/webApps/1:771518768831:web:297307861816b9e550080a/config 200
[debug] [2022-12-23T06:24:55.087Z] <<< [apiv2][body] GET https://firebase.googleapis.com/v1beta1/projects/clone-ee72d/webApps/1:771518768831:web:297307861816b9e550080a/config {"projectId":"clone-ee72d","appId":"1:771518768831:web:297307861816b9e550080a","storageBucket":"clone-ee72d.appspot.com","apiKey":"AIzaSyCDy8Y1hakNOqBXx6i05JqkejQjBsDM_jU","authDomain":"clone-ee72d.firebaseapp.com","messagingSenderId":"771518768831","measurementId":"G-G3W4C8CCYS"}
[debug] [2022-12-23T06:24:55.091Z] >>> [apiv2][query] GET https://firebase.googleapis.com/v1beta1/projects/clone-ee72d [none]
[debug] [2022-12-23T06:24:55.279Z] <<< [apiv2][status] GET https://firebase.googleapis.com/v1beta1/projects/clone-ee72d 200
[debug] [2022-12-23T06:24:55.279Z] <<< [apiv2][body] GET https://firebase.googleapis.com/v1beta1/projects/clone-ee72d {"projectId":"clone-ee72d","projectNumber":"771518768831","displayName":"Amazon-clone","name":"projects/clone-ee72d","resources":{"hostingSite":"clone-ee72d"},"state":"ACTIVE","etag":"1_e25e3103-e415-4688-a8c9-0762b2dadbdc"}
[info] i  hosting[clone-ee72d]: Serving hosting files from: build {"metadata":{"emulator":{"name":"hosting"},"message":"Serving hosting files from: \u001b[1mbuild\u001b[22m"}}
[info] +  hosting[clone-ee72d]: Local server: http://127.0.0.1:5000 {"metadata":{"emulator":{"name":"hosting"},"message":"Local server: \u001b[4m\u001b[1mhttp://127.0.0.1:5000\u001b[22m\u001b[24m"}}
[debug] [2022-12-23T06:24:55.308Z] Ignoring unsupported arg: auto_download {"metadata":{"emulator":{"name":"ui"},"message":"Ignoring unsupported arg: auto_download"}}
[debug] [2022-12-23T06:24:55.308Z] Ignoring unsupported arg: port {"metadata":{"emulator":{"name":"ui"},"message":"Ignoring unsupported arg: port"}}
[debug] [2022-12-23T06:24:55.308Z] Starting Emulator UI with command {"binary":"node","args":["C:\\Users\\rseid\\.cache\\firebase\\emulators\\ui-v1.11.1\\server\\server.js"],"optionalArgs":[],"joinArgs":false} {"metadata":{"emulator":{"name":"ui"},"message":"Starting Emulator UI with command {\"binary\":\"node\",\"args\":[\"C:\\\\Users\\\\rseid\\\\.cache\\\\firebase\\\\emulators\\\\ui-v1.11.1\\\\server\\\\server.js\"],\"optionalArgs\":[],\"joinArgs\":false}"}}
[info] i  ui: Emulator UI logging to ui-debug.log {"metadata":{"emulator":{"name":"ui"},"message":"Emulator UI logging to \u001b[1mui-debug.log\u001b[22m"}}
[debug] [2022-12-23T06:24:55.425Z] Web / API server started at 127.0.0.1:4000
 {"metadata":{"emulator":{"name":"ui"},"message":"Web / API server started at 127.0.0.1:4000\n"}}
[debug] [2022-12-23T06:24:55.425Z] Web / API server started at ::1:4000
 {"metadata":{"emulator":{"name":"ui"},"message":"Web / API server started at ::1:4000\n"}}
[info] i  functions: Watching "C:\Users\rseid\Desktop\Amazon\amazon-clone\functions" for Cloud Functions... {"metadata":{"emulator":{"name":"functions"},"message":"Watching \"C:\\Users\\rseid\\Desktop\\Amazon\\amazon-clone\\functions\" for Cloud Functions..."}}
[debug] [2022-12-23T06:24:55.585Z] Validating nodejs source
[warn] !  functions: package.json indicates an outdated version of firebase-functions. Please upgrade using npm install --save firebase-functions@latest in your functions directory. 
[warn] !  functions: Please note that there will be breaking changes when you upgrade. 
[debug] [2022-12-23T06:24:56.882Z] > [functions] package.json contents: {
  "name": "functions",
  "description": "Cloud Functions for Firebase",
  "scripts": {
    "lint": "eslint .",
    "serve": "firebase emulators:start --only functions",
    "shell": "firebase functions:shell",
    "start": "npm run shell",
    "deploy": "firebase deploy --only functions",
    "logs": "firebase functions:log"
  },
  "engines": {
    "node": "16"
  },
  "main": "index.js",
  "dependencies": {
    "cors": "^2.8.5",
    "express": "^4.18.2",
    "firebase-admin": "^10.0.2",
    "firebase-functions": "^3.18.0",
    "stripe": "^11.4.0"
  },
  "devDependencies": {
    "eslint": "^8.9.0",
    "eslint-config-google": "^0.14.0",
    "firebase-functions-test": "^0.2.0"
  },
  "private": true
}
[debug] [2022-12-23T06:24:56.882Z] Building nodejs source
[debug] [2022-12-23T06:24:56.884Z] Could not find functions.yaml. Must use http discovery
[debug] [2022-12-23T06:24:57.315Z] Serving at port 9005

[debug] [2022-12-23T06:24:57.528Z] Got response from /__/functions.yaml {"endpoints":{"api":{"platform":"gcfv1","httpsTrigger":{},"entryPoint":"api"}},"specVersion":"v1alpha1","requiredAPIs":[]}
[debug] [2022-12-23T06:24:57.538Z] shutdown requested via /__/quitquitquit

[info] +  functions: Loaded functions definitions from source: api. {"metadata":{"emulator":{"name":"functions"},"message":"Loaded functions definitions from source: api."}}
[info] +  functions[us-central1-api]: http function initialized (http://127.0.0.1:5001/clone-ee72d/us-central1/api). {"metadata":{"emulator":{"name":"functions"},"message":"\u001b[1mhttp\u001b[22m function initialized (http://127.0.0.1:5001/clone-ee72d/us-central1/api)."}}
[info] 
┌─────────────────────────────────────────────────────────────┐
│ ✔  All emulators ready! It is now safe to connect your app. │
│ i  View Emulator UI at http://127.0.0.1:4000/               │
└─────────────────────────────────────────────────────────────┘

┌───────────┬────────────────┬─────────────────────────────────┐
│ Emulator  │ Host:Port      │ View in Emulator UI             │
├───────────┼────────────────┼─────────────────────────────────┤
│ Functions │ 127.0.0.1:5001 │ http://127.0.0.1:4000/functions │
├───────────┼────────────────┼─────────────────────────────────┤
│ Hosting   │ 127.0.0.1:5000 │ n/a                             │
└───────────┴────────────────┴─────────────────────────────────┘
  Emulator Hub running at 127.0.0.1:4400
  Other reserved ports: 4500

Issues? Report them at https://github.com/firebase/firebase-tools/issues and attach the *-debug.log files.
 
[debug] [2022-12-23T06:27:29.758Z] [work-queue] {"queuedWork":["/clone-ee72d/us-central1/api/payments/create-2022-12-23T06:27:29.758Z"],"queueLength":1,"runningWork":[],"workRunningCount":0}
[debug] [2022-12-23T06:27:29.759Z] [work-queue] {"queuedWork":[],"queueLength":0,"runningWork":["/clone-ee72d/us-central1/api/payments/create-2022-12-23T06:27:29.758Z"],"workRunningCount":1}
[debug] [2022-12-23T06:27:29.759Z] Accepted request POST /clone-ee72d/us-central1/api/payments/create?total=552796 --> us-central1-api
[debug] [2022-12-23T06:27:29.766Z] [functions] Runtime ready! Sending request! {"metadata":{"emulator":{"name":"functions"},"message":"[functions] Runtime ready! Sending request!"}}
[debug] [2022-12-23T06:27:29.768Z] [functions] Got req.url=/clone-ee72d/us-central1/api/payments/create?total=552796, mapping to path=/payments/create?total=552796 {"metadata":{"emulator":{"name":"functions"},"message":"[functions] Got req.url=/clone-ee72d/us-central1/api/payments/create?total=552796, mapping to path=/payments/create?total=552796"}}
[debug] [2022-12-23T06:27:29.786Z] [worker-pool] addWorker(us-central1-api) {"metadata":{"emulator":{"name":"functions"},"message":"[worker-pool] addWorker(us-central1-api)"}}
[debug] [2022-12-23T06:27:29.787Z] [worker-pool] Adding worker with key us-central1-api, total=1 {"metadata":{"emulator":{"name":"functions"},"message":"[worker-pool] Adding worker with key us-central1-api, total=1"}}
[debug] [2022-12-23T06:27:29.790Z] [work-queue] {"queuedWork":["/clone-ee72d/us-central1/api/payments/create-2022-12-23T06:27:29.790Z"],"queueLength":1,"runningWork":["/clone-ee72d/us-central1/api/payments/create-2022-12-23T06:27:29.758Z"],"workRunningCount":1}
[debug] [2022-12-23T06:27:29.790Z] [work-queue] {"queuedWork":[],"queueLength":0,"runningWork":["/clone-ee72d/us-central1/api/payments/create-2022-12-23T06:27:29.758Z","/clone-ee72d/us-central1/api/payments/create-2022-12-23T06:27:29.790Z"],"workRunningCount":2}
[debug] [2022-12-23T06:27:29.790Z] Accepted request POST /clone-ee72d/us-central1/api/payments/create?total=552796 --> us-central1-api
[debug] [2022-12-23T06:27:29.794Z] [functions] Runtime ready! Sending request! {"metadata":{"emulator":{"name":"functions"},"message":"[functions] Runtime ready! Sending request!"}}
[debug] [2022-12-23T06:27:29.794Z] [functions] Got req.url=/clone-ee72d/us-central1/api/payments/create?total=552796, mapping to path=/payments/create?total=552796 {"metadata":{"emulator":{"name":"functions"},"message":"[functions] Got req.url=/clone-ee72d/us-central1/api/payments/create?total=552796, mapping to path=/payments/create?total=552796"}}
[debug] [2022-12-23T06:27:29.804Z] [worker-pool] addWorker(us-central1-api) {"metadata":{"emulator":{"name":"functions"},"message":"[worker-pool] addWorker(us-central1-api)"}}
[debug] [2022-12-23T06:27:29.805Z] [worker-pool] Adding worker with key us-central1-api, total=2 {"metadata":{"emulator":{"name":"functions"},"message":"[worker-pool] Adding worker with key us-central1-api, total=2"}}
[debug] [2022-12-23T06:27:31.002Z] [runtime-status] [28268] Resolved module firebase-admin {"declared":true,"installed":true,"version":"10.3.0","resolution":"C:\\Users\\rseid\\Desktop\\Amazon\\amazon-clone\\functions\\node_modules\\firebase-admin\\lib\\index.js"} {"metadata":{"emulator":{"name":"functions"},"function":{"name":"us-central1-api"},"extension":{},"message":"[runtime-status] [28268] Resolved module firebase-admin {\"declared\":true,\"installed\":true,\"version\":\"10.3.0\",\"resolution\":\"C:\\\\Users\\\\rseid\\\\Desktop\\\\Amazon\\\\amazon-clone\\\\functions\\\\node_modules\\\\firebase-admin\\\\lib\\\\index.js\"}"}}
[debug] [2022-12-23T06:27:31.003Z] [runtime-status] [31728] Resolved module firebase-admin {"declared":true,"installed":true,"version":"10.3.0","resolution":"C:\\Users\\rseid\\Desktop\\Amazon\\amazon-clone\\functions\\node_modules\\firebase-admin\\lib\\index.js"} {"metadata":{"emulator":{"name":"functions"},"function":{"name":"us-central1-api"},"extension":{},"message":"[runtime-status] [31728] Resolved module firebase-admin {\"declared\":true,\"installed\":true,\"version\":\"10.3.0\",\"resolution\":\"C:\\\\Users\\\\rseid\\\\Desktop\\\\Amazon\\\\amazon-clone\\\\functions\\\\node_modules\\\\firebase-admin\\\\lib\\\\index.js\"}"}}
[debug] [2022-12-23T06:27:31.006Z] [runtime-status] [28268] Resolved module firebase-functions {"declared":true,"installed":true,"version":"3.24.1","resolution":"C:\\Users\\rseid\\Desktop\\Amazon\\amazon-clone\\functions\\node_modules\\firebase-functions\\lib\\index.js"} {"metadata":{"emulator":{"name":"functions"},"function":{"name":"us-central1-api"},"extension":{},"message":"[runtime-status] [28268] Resolved module firebase-functions {\"declared\":true,\"installed\":true,\"version\":\"3.24.1\",\"resolution\":\"C:\\\\Users\\\\rseid\\\\Desktop\\\\Amazon\\\\amazon-clone\\\\functions\\\\node_modules\\\\firebase-functions\\\\lib\\\\index.js\"}"}}
[debug] [2022-12-23T06:27:31.006Z] [runtime-status] [28268] Outgoing network have been stubbed. [{"name":"http","status":"mocked"},{"name":"http","status":"mocked"},{"name":"https","status":"mocked"},{"name":"https","status":"mocked"},{"name":"net","status":"mocked"}] {"metadata":{"emulator":{"name":"functions"},"function":{"name":"us-central1-api"},"extension":{},"message":"[runtime-status] [28268] Outgoing network have been stubbed. [{\"name\":\"http\",\"status\":\"mocked\"},{\"name\":\"http\",\"status\":\"mocked\"},{\"name\":\"https\",\"status\":\"mocked\"},{\"name\":\"https\",\"status\":\"mocked\"},{\"name\":\"net\",\"status\":\"mocked\"}]"}}
[debug] [2022-12-23T06:27:31.007Z] [runtime-status] [28268] Resolved module firebase-functions {"declared":true,"installed":true,"version":"3.24.1","resolution":"C:\\Users\\rseid\\Desktop\\Amazon\\amazon-clone\\functions\\node_modules\\firebase-functions\\lib\\index.js"} {"metadata":{"emulator":{"name":"functions"},"function":{"name":"us-central1-api"},"extension":{},"message":"[runtime-status] [28268] Resolved module firebase-functions {\"declared\":true,\"installed\":true,\"version\":\"3.24.1\",\"resolution\":\"C:\\\\Users\\\\rseid\\\\Desktop\\\\Amazon\\\\amazon-clone\\\\functions\\\\node_modules\\\\firebase-functions\\\\lib\\\\index.js\"}"}}
[debug] [2022-12-23T06:27:31.008Z] [runtime-status] [31728] Resolved module firebase-functions {"declared":true,"installed":true,"version":"3.24.1","resolution":"C:\\Users\\rseid\\Desktop\\Amazon\\amazon-clone\\functions\\node_modules\\firebase-functions\\lib\\index.js"} {"metadata":{"emulator":{"name":"functions"},"function":{"name":"us-central1-api"},"extension":{},"message":"[runtime-status] [31728] Resolved module firebase-functions {\"declared\":true,\"installed\":true,\"version\":\"3.24.1\",\"resolution\":\"C:\\\\Users\\\\rseid\\\\Desktop\\\\Amazon\\\\amazon-clone\\\\functions\\\\node_modules\\\\firebase-functions\\\\lib\\\\index.js\"}"}}
[debug] [2022-12-23T06:27:31.008Z] [runtime-status] [31728] Outgoing network have been stubbed. [{"name":"http","status":"mocked"},{"name":"http","status":"mocked"},{"name":"https","status":"mocked"},{"name":"https","status":"mocked"},{"name":"net","status":"mocked"}] {"metadata":{"emulator":{"name":"functions"},"function":{"name":"us-central1-api"},"extension":{},"message":"[runtime-status] [31728] Outgoing network have been stubbed. [{\"name\":\"http\",\"status\":\"mocked\"},{\"name\":\"http\",\"status\":\"mocked\"},{\"name\":\"https\",\"status\":\"mocked\"},{\"name\":\"https\",\"status\":\"mocked\"},{\"name\":\"net\",\"status\":\"mocked\"}]"}}
[debug] [2022-12-23T06:27:31.008Z] [runtime-status] [31728] Resolved module firebase-functions {"declared":true,"installed":true,"version":"3.24.1","resolution":"C:\\Users\\rseid\\Desktop\\Amazon\\amazon-clone\\functions\\node_modules\\firebase-functions\\lib\\index.js"} {"metadata":{"emulator":{"name":"functions"},"function":{"name":"us-central1-api"},"extension":{},"message":"[runtime-status] [31728] Resolved module firebase-functions {\"declared\":true,\"installed\":true,\"version\":\"3.24.1\",\"resolution\":\"C:\\\\Users\\\\rseid\\\\Desktop\\\\Amazon\\\\amazon-clone\\\\functions\\\\node_modules\\\\firebase-functions\\\\lib\\\\index.js\"}"}}
[debug] [2022-12-23T06:27:31.050Z] [runtime-status] [31728] Checked functions.config() {"config":{}} {"metadata":{"emulator":{"name":"functions"},"function":{"name":"us-central1-api"},"extension":{},"message":"[runtime-status] [31728] Checked functions.config() {\"config\":{}}"}}
[debug] [2022-12-23T06:27:31.051Z] [runtime-status] [28268] Checked functions.config() {"config":{}} {"metadata":{"emulator":{"name":"functions"},"function":{"name":"us-central1-api"},"extension":{},"message":"[runtime-status] [28268] Checked functions.config() {\"config\":{}}"}}
[debug] [2022-12-23T06:27:31.051Z] [runtime-status] [28268] firebase-functions has been stubbed. {"functionsResolution":{"declared":true,"installed":true,"version":"3.24.1","resolution":"C:\\Users\\rseid\\Desktop\\Amazon\\amazon-clone\\functions\\node_modules\\firebase-functions\\lib\\index.js"}} {"metadata":{"emulator":{"name":"functions"},"function":{"name":"us-central1-api"},"extension":{},"message":"[runtime-status] [28268] firebase-functions has been stubbed. {\"functionsResolution\":{\"declared\":true,\"installed\":true,\"version\":\"3.24.1\",\"resolution\":\"C:\\\\Users\\\\rseid\\\\Desktop\\\\Amazon\\\\amazon-clone\\\\functions\\\\node_modules\\\\firebase-functions\\\\lib\\\\index.js\"}}"}}
[debug] [2022-12-23T06:27:31.051Z] [runtime-status] [31728] firebase-functions has been stubbed. {"functionsResolution":{"declared":true,"installed":true,"version":"3.24.1","resolution":"C:\\Users\\rseid\\Desktop\\Amazon\\amazon-clone\\functions\\node_modules\\firebase-functions\\lib\\index.js"}} {"metadata":{"emulator":{"name":"functions"},"function":{"name":"us-central1-api"},"extension":{},"message":"[runtime-status] [31728] firebase-functions has been stubbed. {\"functionsResolution\":{\"declared\":true,\"installed\":true,\"version\":\"3.24.1\",\"resolution\":\"C:\\\\Users\\\\rseid\\\\Desktop\\\\Amazon\\\\amazon-clone\\\\functions\\\\node_modules\\\\firebase-functions\\\\lib\\\\index.js\"}}"}}
[debug] [2022-12-23T06:27:31.052Z] [runtime-status] [31728] Resolved module firebase-functions {"declared":true,"installed":true,"version":"3.24.1","resolution":"C:\\Users\\rseid\\Desktop\\Amazon\\amazon-clone\\functions\\node_modules\\firebase-functions\\lib\\index.js"} {"metadata":{"emulator":{"name":"functions"},"function":{"name":"us-central1-api"},"extension":{},"message":"[runtime-status] [31728] Resolved module firebase-functions {\"declared\":true,\"installed\":true,\"version\":\"3.24.1\",\"resolution\":\"C:\\\\Users\\\\rseid\\\\Desktop\\\\Amazon\\\\amazon-clone\\\\functions\\\\node_modules\\\\firebase-functions\\\\lib\\\\index.js\"}"}}
[debug] [2022-12-23T06:27:31.052Z] [runtime-status] [28268] Resolved module firebase-functions {"declared":true,"installed":true,"version":"3.24.1","resolution":"C:\\Users\\rseid\\Desktop\\Amazon\\amazon-clone\\functions\\node_modules\\firebase-functions\\lib\\index.js"} {"metadata":{"emulator":{"name":"functions"},"function":{"name":"us-central1-api"},"extension":{},"message":"[runtime-status] [28268] Resolved module firebase-functions {\"declared\":true,\"installed\":true,\"version\":\"3.24.1\",\"resolution\":\"C:\\\\Users\\\\rseid\\\\Desktop\\\\Amazon\\\\amazon-clone\\\\functions\\\\node_modules\\\\firebase-functions\\\\lib\\\\index.js\"}"}}
[debug] [2022-12-23T06:27:31.054Z] [runtime-status] [31728] Resolved module firebase-admin {"declared":true,"installed":true,"version":"10.3.0","resolution":"C:\\Users\\rseid\\Desktop\\Amazon\\amazon-clone\\functions\\node_modules\\firebase-admin\\lib\\index.js"} {"metadata":{"emulator":{"name":"functions"},"function":{"name":"us-central1-api"},"extension":{},"message":"[runtime-status] [31728] Resolved module firebase-admin {\"declared\":true,\"installed\":true,\"version\":\"10.3.0\",\"resolution\":\"C:\\\\Users\\\\rseid\\\\Desktop\\\\Amazon\\\\amazon-clone\\\\functions\\\\node_modules\\\\firebase-admin\\\\lib\\\\index.js\"}"}}
[debug] [2022-12-23T06:27:31.054Z] [runtime-status] [28268] Resolved module firebase-admin {"declared":true,"installed":true,"version":"10.3.0","resolution":"C:\\Users\\rseid\\Desktop\\Amazon\\amazon-clone\\functions\\node_modules\\firebase-admin\\lib\\index.js"} {"metadata":{"emulator":{"name":"functions"},"function":{"name":"us-central1-api"},"extension":{},"message":"[runtime-status] [28268] Resolved module firebase-admin {\"declared\":true,\"installed\":true,\"version\":\"10.3.0\",\"resolution\":\"C:\\\\Users\\\\rseid\\\\Desktop\\\\Amazon\\\\amazon-clone\\\\functions\\\\node_modules\\\\firebase-admin\\\\lib\\\\index.js\"}"}}
[debug] [2022-12-23T06:27:31.055Z] [runtime-status] [31728] Resolved module firebase-functions {"declared":true,"installed":true,"version":"3.24.1","resolution":"C:\\Users\\rseid\\Desktop\\Amazon\\amazon-clone\\functions\\node_modules\\firebase-functions\\lib\\index.js"} {"metadata":{"emulator":{"name":"functions"},"function":{"name":"us-central1-api"},"extension":{},"message":"[runtime-status] [31728] Resolved module firebase-functions {\"declared\":true,\"installed\":true,\"version\":\"3.24.1\",\"resolution\":\"C:\\\\Users\\\\rseid\\\\Desktop\\\\Amazon\\\\amazon-clone\\\\functions\\\\node_modules\\\\firebase-functions\\\\lib\\\\index.js\"}"}}
[debug] [2022-12-23T06:27:31.056Z] [runtime-status] [28268] Resolved module firebase-functions {"declared":true,"installed":true,"version":"3.24.1","resolution":"C:\\Users\\rseid\\Desktop\\Amazon\\amazon-clone\\functions\\node_modules\\firebase-functions\\lib\\index.js"} {"metadata":{"emulator":{"name":"functions"},"function":{"name":"us-central1-api"},"extension":{},"message":"[runtime-status] [28268] Resolved module firebase-functions {\"declared\":true,\"installed\":true,\"version\":\"3.24.1\",\"resolution\":\"C:\\\\Users\\\\rseid\\\\Desktop\\\\Amazon\\\\amazon-clone\\\\functions\\\\node_modules\\\\firebase-functions\\\\lib\\\\index.js\"}"}}
[debug] [2022-12-23T06:27:31.056Z] [runtime-status] [28268] firebase-admin has been stubbed. {"adminResolution":{"declared":true,"installed":true,"version":"10.3.0","resolution":"C:\\Users\\rseid\\Desktop\\Amazon\\amazon-clone\\functions\\node_modules\\firebase-admin\\lib\\index.js"}} {"metadata":{"emulator":{"name":"functions"},"function":{"name":"us-central1-api"},"extension":{},"message":"[runtime-status] [28268] firebase-admin has been stubbed. {\"adminResolution\":{\"declared\":true,\"installed\":true,\"version\":\"10.3.0\",\"resolution\":\"C:\\\\Users\\\\rseid\\\\Desktop\\\\Amazon\\\\amazon-clone\\\\functions\\\\node_modules\\\\firebase-admin\\\\lib\\\\index.js\"}}"}}
[debug] [2022-12-23T06:27:31.057Z] [runtime-status] [31728] firebase-admin has been stubbed. {"adminResolution":{"declared":true,"installed":true,"version":"10.3.0","resolution":"C:\\Users\\rseid\\Desktop\\Amazon\\amazon-clone\\functions\\node_modules\\firebase-admin\\lib\\index.js"}} {"metadata":{"emulator":{"name":"functions"},"function":{"name":"us-central1-api"},"extension":{},"message":"[runtime-status] [31728] firebase-admin has been stubbed. {\"adminResolution\":{\"declared\":true,\"installed\":true,\"version\":\"10.3.0\",\"resolution\":\"C:\\\\Users\\\\rseid\\\\Desktop\\\\Amazon\\\\amazon-clone\\\\functions\\\\node_modules\\\\firebase-admin\\\\lib\\\\index.js\"}}"}}
[debug] [2022-12-23T06:27:31.210Z] [runtime-status] [31728] Functions runtime initialized. {"cwd":"C:\\Users\\rseid\\Desktop\\Amazon\\amazon-clone\\functions","node_version":"18.12.0"} {"metadata":{"emulator":{"name":"functions"},"function":{"name":"us-central1-api"},"extension":{},"message":"[runtime-status] [31728] Functions runtime initialized. {\"cwd\":\"C:\\\\Users\\\\rseid\\\\Desktop\\\\Amazon\\\\amazon-clone\\\\functions\",\"node_version\":\"18.12.0\"}"}}
[debug] [2022-12-23T06:27:31.210Z] [runtime-status] [31728] Listening to port: \\?\pipe\fire_emu_553b1c401e740c90 {"metadata":{"emulator":{"name":"functions"},"function":{"name":"us-central1-api"},"extension":{},"message":"[runtime-status] [31728] Listening to port: \\\\?\\pipe\\fire_emu_553b1c401e740c90"}}
[debug] [2022-12-23T06:27:31.210Z] [runtime-status] [28268] Functions runtime initialized. {"cwd":"C:\\Users\\rseid\\Desktop\\Amazon\\amazon-clone\\functions","node_version":"18.12.0"} {"metadata":{"emulator":{"name":"functions"},"function":{"name":"us-central1-api"},"extension":{},"message":"[runtime-status] [28268] Functions runtime initialized. {\"cwd\":\"C:\\\\Users\\\\rseid\\\\Desktop\\\\Amazon\\\\amazon-clone\\\\functions\",\"node_version\":\"18.12.0\"}"}}
[debug] [2022-12-23T06:27:31.210Z] [runtime-status] [28268] Listening to port: \\?\pipe\fire_emu_12b265eac34fa310 {"metadata":{"emulator":{"name":"functions"},"function":{"name":"us-central1-api"},"extension":{},"message":"[runtime-status] [28268] Listening to port: \\\\?\\pipe\\fire_emu_12b265eac34fa310"}}
[debug] [2022-12-23T06:27:31.216Z] [worker-us-central1-api-f19f7d08-de3b-4b89-b456-f9a65906755e]: IDLE {"metadata":{"emulator":{"name":"functions"},"message":"[worker-us-central1-api-f19f7d08-de3b-4b89-b456-f9a65906755e]: IDLE"}}
[debug] [2022-12-23T06:27:31.216Z] [worker-pool] submitRequest(triggerId=us-central1-api) {"metadata":{"emulator":{"name":"functions"},"message":"[worker-pool] submitRequest(triggerId=us-central1-api)"}}
[debug] [2022-12-23T06:27:31.216Z] [worker-us-central1-api-f19f7d08-de3b-4b89-b456-f9a65906755e]: BUSY {"metadata":{"emulator":{"name":"functions"},"message":"[worker-us-central1-api-f19f7d08-de3b-4b89-b456-f9a65906755e]: BUSY"}}
[info] i  functions: Beginning execution of "api" {"metadata":{"emulator":{"name":"functions"},"function":{"name":"us-central1-api"},"extension":{},"message":"Beginning execution of \"api\""}}
[debug] [2022-12-23T06:27:31.224Z] [worker-us-central1-api-0e256159-0e39-42f1-b1cb-21f3317f7a09]: IDLE {"metadata":{"emulator":{"name":"functions"},"message":"[worker-us-central1-api-0e256159-0e39-42f1-b1cb-21f3317f7a09]: IDLE"}}
[debug] [2022-12-23T06:27:31.225Z] [worker-pool] submitRequest(triggerId=us-central1-api) {"metadata":{"emulator":{"name":"functions"},"message":"[worker-pool] submitRequest(triggerId=us-central1-api)"}}
[debug] [2022-12-23T06:27:31.225Z] [worker-us-central1-api-0e256159-0e39-42f1-b1cb-21f3317f7a09]: BUSY {"metadata":{"emulator":{"name":"functions"},"message":"[worker-us-central1-api-0e256159-0e39-42f1-b1cb-21f3317f7a09]: BUSY"}}
[info] >  Payment Request Recieved for this amount >>>  552796 {"user":"Payment Request Recieved for this amount >>>  552796","metadata":{"emulator":{"name":"functions"},"function":{"name":"us-central1-api"},"extension":{},"message":"\u001b[90m> \u001b[39m Payment Request Recieved for this amount >>>  552796"}}
[info] i  functions: Beginning execution of "api" {"metadata":{"emulator":{"name":"functions"},"function":{"name":"us-central1-api"},"extension":{},"message":"Beginning execution of \"api\""}}
[info] >  Payment Request Recieved for this amount >>>  552796 {"user":"Payment Request Recieved for this amount >>>  552796","metadata":{"emulator":{"name":"functions"},"function":{"name":"us-central1-api"},"extension":{},"message":"\u001b[90m> \u001b[39m Payment Request Recieved for this amount >>>  552796"}}
[debug] [2022-12-23T06:27:31.609Z] [worker-us-central1-api-0e256159-0e39-42f1-b1cb-21f3317f7a09]: IDLE {"metadata":{"emulator":{"name":"functions"},"message":"[worker-us-central1-api-0e256159-0e39-42f1-b1cb-21f3317f7a09]: IDLE"}}
[debug] [2022-12-23T06:27:31.609Z] [work-queue] {"queuedWork":[],"queueLength":0,"runningWork":["/clone-ee72d/us-central1/api/payments/create-2022-12-23T06:27:29.758Z"],"workRunningCount":1}
[info] i  functions: Finished "api" in 376.2121ms {"metadata":{"emulator":{"name":"functions"},"function":{"name":"us-central1-api"},"extension":{},"message":"Finished \"api\" in 376.2121ms"}}
[debug] [2022-12-23T06:27:31.638Z] [worker-us-central1-api-f19f7d08-de3b-4b89-b456-f9a65906755e]: IDLE {"metadata":{"emulator":{"name":"functions"},"message":"[worker-us-central1-api-f19f7d08-de3b-4b89-b456-f9a65906755e]: IDLE"}}
[debug] [2022-12-23T06:27:31.639Z] [work-queue] {"queuedWork":[],"queueLength":0,"runningWork":[],"workRunningCount":0}
[info] i  functions: Finished "api" in 414.3959ms {"metadata":{"emulator":{"name":"functions"},"function":{"name":"us-central1-api"},"extension":{},"message":"Finished \"api\" in 414.3959ms"}}
